

Microchip Technology PIC18 LITE Macro Assembler V1.38 build -256452561 
                                                                                               Mon Oct 15 11:55:06 2018

Microchip Technology Omniscient Code Generator v1.38 (Free mode) build 201607010351
     1                           	processor	18F67J94
     2                           	fnconf	rparam,??,?,0
     3                           	opt	pw 120
     4                           	opt	lm
     5                           	psect	cinit,global,reloc=2,class=CODE,delta=1
     6                           	psect	cstackCOMRAM,global,class=COMRAM,space=1,delta=1
     7                           	psect	text0,global,reloc=2,class=CODE,delta=1
     8                           	psect	intsave_regs,global,class=BIGRAM,space=1,delta=1
     9                           	psect	rparam,global,class=COMRAM,space=1,delta=1
    10  0000                     _LATEbits	set	3981
    11  0000                     _PORTEbits	set	3972
    12  0000                     _TRISE	set	3990
    13                           
    14                           ; #config settings
    15  0000                     
    16                           	psect	cinit
    17  01FFEA                     __pcinit:
    18                           	opt stack 0
    19  01FFEA                     start_initialization:
    20                           	opt stack 0
    21  01FFEA                     __initialization:
    22                           	opt stack 0
    23  01FFEA                     end_of_initialization:
    24                           	opt stack 0
    25  01FFEA                     __end_of__initialization:
    26                           	opt stack 0
    27  01FFEA  0100               	movlb	0
    28  01FFEC  EFF4  F0FF         	goto	_main	;jump to C main() function
    29                           
    30                           	psect	cstackCOMRAM
    31  000000                     __pcstackCOMRAM:
    32                           	opt stack 0
    33  000000                     
    34                           ; 1 bytes @ 0x0
    35 ;;
    36 ;;Main: autosize = 0, tempsize = 0, incstack = 0, save=0
    37 ;;
    38 ;; *************** function _main *****************
    39 ;; Defined at:
    40 ;;		line 17 in file "main.c"
    41 ;; Parameters:    Size  Location     Type
    42 ;;		None
    43 ;; Auto vars:     Size  Location     Type
    44 ;;		None
    45 ;; Return value:  Size  Location     Type
    46 ;;                  1    wreg      void 
    47 ;; Registers used:
    48 ;;		None
    49 ;; Tracked objects:
    50 ;;		On entry : 0/0
    51 ;;		On exit  : 0/0
    52 ;;		Unchanged: 0/0
    53 ;; Data sizes:     COMRAM   BANK0   BANK1   BANK2   BANK3   BANK4   BANK5   BANK6   BANK7   BANK8   BANK9  BANK10  BANK1
      +1  BANK12  BANK13
    54 ;;      Params:         0       0       0       0       0       0       0       0       0       0       0       0       
      +0       0       0
    55 ;;      Locals:         0       0       0       0       0       0       0       0       0       0       0       0       
      +0       0       0
    56 ;;      Temps:          0       0       0       0       0       0       0       0       0       0       0       0       
      +0       0       0
    57 ;;      Totals:         0       0       0       0       0       0       0       0       0       0       0       0       
      +0       0       0
    58 ;;Total ram usage:        0 bytes
    59 ;; This function calls:
    60 ;;		Nothing
    61 ;; This function is called by:
    62 ;;		Startup code after reset
    63 ;; This function uses a non-reentrant model
    64 ;;
    65                           
    66                           	psect	text0
    67  01FFE8                     __ptext0:
    68                           	opt stack 0
    69  01FFE8                     _main:
    70                           	opt stack 31
    71  01FFE8                     l3:
    72                           
    73                           ;main.c: 19: {
    74  01FFE8  D7FF               	goto	l3
    75  01FFEA                     __end_of_main:
    76                           	opt stack 0
    77  0000                     
    78                           	psect	rparam


Data Sizes:
    Strings     0
    Constant    0
    Data        0
    BSS         0
    Persistent  0
    Stack       0

Auto Spaces:
    Space          Size  Autos    Used
    COMRAM           95      0       0
    BANK0           160      0       0
    BANK1           256      0       0
    BANK2           256      0       0
    BANK3           256      0       0
    BANK4           256      0       0
    BANK5           256      0       0
    BANK6           256      0       0
    BANK7           256      0       0
    BANK8           256      0       0
    BANK9           256      0       0
    BANK10          256      0       0
    BANK11          256      0       0
    BANK12          256      0       0
    BANK13          250      0       0

Pointer List with Targets:

    None.

Critical Paths under _main in COMRAM

    None.

Critical Paths under _main in BANK0

    None.

Critical Paths under _main in BANK1

    None.

Critical Paths under _main in BANK2

    None.

Critical Paths under _main in BANK3

    None.

Critical Paths under _main in BANK4

    None.

Critical Paths under _main in BANK5

    None.

Critical Paths under _main in BANK6

    None.

Critical Paths under _main in BANK7

    None.

Critical Paths under _main in BANK8

    None.

Critical Paths under _main in BANK9

    None.

Critical Paths under _main in BANK10

    None.

Critical Paths under _main in BANK11

    None.

Critical Paths under _main in BANK12

    None.

Critical Paths under _main in BANK13

    None.

Call Graph Tables:

 ---------------------------------------------------------------------------------
 (Depth) Function   	        Calls       Base Space   Used Autos Params    Refs
 ---------------------------------------------------------------------------------
 (0) _main                                                 0     0      0       0
 ---------------------------------------------------------------------------------
 Estimated maximum stack depth 0
 ---------------------------------------------------------------------------------

 Call Graph Graphs:

 _main (ROOT)

 Address spaces:
Name               Size   Autos  Total    Cost      Usage
BITCOMRAM           5F      0       0       0        0.0%
NULL                 0      0       0       0        0.0%
CODE                 0      0       0       0        0.0%
COMRAM              5F      0       0       1        0.0%
STACK                0      0       0       2        0.0%
DATA                 0      0       0       3        0.0%
BITBANK0            A0      0       0       4        0.0%
BANK0               A0      0       0       5        0.0%
BITBANK1           100      0       0       6        0.0%
BANK1              100      0       0       7        0.0%
ABS                  0      0       0       8        0.0%
BITBANK2           100      0       0       9        0.0%
BANK2              100      0       0      10        0.0%
BITBANK3           100      0       0      11        0.0%
BANK3              100      0       0      12        0.0%
BITBANK4           100      0       0      13        0.0%
BANK4              100      0       0      14        0.0%
BITBANK5           100      0       0      15        0.0%
BANK5              100      0       0      16        0.0%
BITBANK6           100      0       0      17        0.0%
BANK6              100      0       0      18        0.0%
BITBANK7           100      0       0      19        0.0%
BANK7              100      0       0      20        0.0%
BITBANK8           100      0       0      21        0.0%
BANK8              100      0       0      22        0.0%
BITBANK9           100      0       0      23        0.0%
BANK9              100      0       0      24        0.0%
BITBANK10          100      0       0      25        0.0%
BANK10             100      0       0      26        0.0%
BITBANK11          100      0       0      27        0.0%
BANK11             100      0       0      28        0.0%
BITBANK12          100      0       0      29        0.0%
BANK12             100      0       0      30        0.0%
BITBANK13           FA      0       0      31        0.0%
BANK13              FA      0       0      32        0.0%
BIGRAM             DF9      0       0      33        0.0%
BITSFR_3             0      0       0      40        0.0%
SFR_3                0      0       0      40        0.0%
BITSFR_2             0      0       0      40        0.0%
SFR_2                0      0       0      40        0.0%
BITSFR_1             0      0       0      40        0.0%
SFR_1                0      0       0      40        0.0%
BITSFR               0      0       0      40        0.0%
SFR                  0      0       0      40        0.0%


Microchip Technology PIC18 Macro Assembler V1.38 build -256452561 
Symbol Table                                                                                   Mon Oct 15 11:55:06 2018

                      l3 FFE8              __CFG_BORV$1 000000             __CFG_CP0$OFF 000000  
           __CFG_IESO$ON 000000                     _main FFE8            __CFG_BOREN$ON 000000  
     __CFG_WDTWIN$PS25_0 000000                     start 0000       __CFG_LS48MHZ$SYSX2 000000  
           ___param_bank 000010                    ?_main 0000                    _TRISE 000F96  
          __CFG_WPSA$128 000000          __initialization FFEA             __end_of_main FFEA  
                 ??_main 0000            __activetblptr 000000      __CFG_WPEND$WPENDMEM 000000  
         __CFG_RETEN$OFF 000000           __CFG_POSCMD$MS 000000           __CFG_STVREN$ON 000000  
        __CFG_CLKOEN$OFF 000000               __accesstop 0060  __end_of__initialization FFEA  
     __CFG_DSWDTOSC$LPRC 000000            ___rparam_used 000001          __CFG_T5GSEL$T5G 000000  
        __CFG_IOL1WAY$ON 000000           __pcstackCOMRAM 0000          __CFG_VBTBOR$OFF 000000  
        __CFG_WDTCLK$SYS 000000                  __Hparam 0000                  __Lparam 0000  
                __pcinit FFEA                  __ramtop 0E00                  __ptext0 FFE8  
   end_of_initialization FFEA         __CFG_FSCM$CSDCMD 000000         __CFG_DSBITEN$OFF 000000  
              _PORTEbits 000F84         __CFG_DSBOREN$OFF 000000         __CFG_FOSC$PRIPLL 000000  
   __CFG_CINASEL$DEFAULT 000000        __CFG_WPFP$WPFP255 000000         __CFG_DSWDTEN$OFF 000000  
    start_initialization FFEA         __CFG_PLLDIV$DIV2 000000                 _LATEbits 000F8D  
       __CFG_WDTPS$32768 000000         __CFG_SOSCSEL$LOW 000000         __CFG_WPDIS$WPDIS 000000  
               __Hrparam 0000                 __Lrparam 0000            __size_of_main 0002  
     __CFG_MSSPMSK1$MSK7 000000       __CFG_MSSPMSK2$MSK7 000000       __CFG_WDTEN$SWDTDIS 000000  
    __CFG_WPCFG$WPCFGDIS 000000       __CFG_WINDIS$WDTSTD 000000   __CFG_DSWDTPS$DSWDTPS1F 000000  
